mode: set
github.com/UW-Info-441-Winter-Quarter-2020/homework-jsm209/servers/gateway/indexes/trie.go:21.41,25.8 2 1
github.com/UW-Info-441-Winter-Quarter-2020/homework-jsm209/servers/gateway/indexes/trie.go:33.2,34.13 2 1
github.com/UW-Info-441-Winter-Quarter-2020/homework-jsm209/servers/gateway/indexes/trie.go:25.8,27.3 1 0
github.com/UW-Info-441-Winter-Quarter-2020/homework-jsm209/servers/gateway/indexes/trie.go:40.44,44.9 2 1
github.com/UW-Info-441-Winter-Quarter-2020/homework-jsm209/servers/gateway/indexes/trie.go:49.2,50.13 2 1
github.com/UW-Info-441-Winter-Quarter-2020/homework-jsm209/servers/gateway/indexes/trie.go:44.9,46.3 1 0
github.com/UW-Info-441-Winter-Quarter-2020/homework-jsm209/servers/gateway/indexes/trie.go:55.41,58.2 2 1
github.com/UW-Info-441-Winter-Quarter-2020/homework-jsm209/servers/gateway/indexes/trie.go:60.33,62.19 2 1
github.com/UW-Info-441-Winter-Quarter-2020/homework-jsm209/servers/gateway/indexes/trie.go:65.2,65.13 1 1
github.com/UW-Info-441-Winter-Quarter-2020/homework-jsm209/servers/gateway/indexes/trie.go:62.19,64.3 1 1
github.com/UW-Info-441-Winter-Quarter-2020/homework-jsm209/servers/gateway/indexes/trie.go:86.30,88.2 1 1
github.com/UW-Info-441-Winter-Quarter-2020/homework-jsm209/servers/gateway/indexes/trie.go:91.30,95.2 3 1
github.com/UW-Info-441-Winter-Quarter-2020/homework-jsm209/servers/gateway/indexes/trie.go:98.36,100.32 2 1
github.com/UW-Info-441-Winter-Quarter-2020/homework-jsm209/servers/gateway/indexes/trie.go:103.2,103.19 1 1
github.com/UW-Info-441-Winter-Quarter-2020/homework-jsm209/servers/gateway/indexes/trie.go:100.32,102.3 1 1
github.com/UW-Info-441-Winter-Quarter-2020/homework-jsm209/servers/gateway/indexes/trie.go:107.49,112.2 4 1
github.com/UW-Info-441-Winter-Quarter-2020/homework-jsm209/servers/gateway/indexes/trie.go:114.49,116.26 1 1
github.com/UW-Info-441-Winter-Quarter-2020/homework-jsm209/servers/gateway/indexes/trie.go:121.2,121.31 1 1
github.com/UW-Info-441-Winter-Quarter-2020/homework-jsm209/servers/gateway/indexes/trie.go:126.2,126.19 1 1
github.com/UW-Info-441-Winter-Quarter-2020/homework-jsm209/servers/gateway/indexes/trie.go:138.2,138.48 1 1
github.com/UW-Info-441-Winter-Quarter-2020/homework-jsm209/servers/gateway/indexes/trie.go:116.26,118.3 1 1
github.com/UW-Info-441-Winter-Quarter-2020/homework-jsm209/servers/gateway/indexes/trie.go:121.31,123.3 1 1
github.com/UW-Info-441-Winter-Quarter-2020/homework-jsm209/servers/gateway/indexes/trie.go:126.19,128.42 1 1
github.com/UW-Info-441-Winter-Quarter-2020/homework-jsm209/servers/gateway/indexes/trie.go:133.3,134.9 2 1
github.com/UW-Info-441-Winter-Quarter-2020/homework-jsm209/servers/gateway/indexes/trie.go:128.42,130.4 1 1
github.com/UW-Info-441-Winter-Quarter-2020/homework-jsm209/servers/gateway/indexes/trie.go:144.57,148.54 3 1
github.com/UW-Info-441-Winter-Quarter-2020/homework-jsm209/servers/gateway/indexes/trie.go:153.2,155.32 3 1
github.com/UW-Info-441-Winter-Quarter-2020/homework-jsm209/servers/gateway/indexes/trie.go:163.2,165.20 3 1
github.com/UW-Info-441-Winter-Quarter-2020/homework-jsm209/servers/gateway/indexes/trie.go:148.54,150.3 1 0
github.com/UW-Info-441-Winter-Quarter-2020/homework-jsm209/servers/gateway/indexes/trie.go:155.32,156.37 1 1
github.com/UW-Info-441-Winter-Quarter-2020/homework-jsm209/servers/gateway/indexes/trie.go:159.3,159.40 1 1
github.com/UW-Info-441-Winter-Quarter-2020/homework-jsm209/servers/gateway/indexes/trie.go:156.37,158.4 1 1
github.com/UW-Info-441-Winter-Quarter-2020/homework-jsm209/servers/gateway/indexes/trie.go:168.52,172.26 3 1
github.com/UW-Info-441-Winter-Quarter-2020/homework-jsm209/servers/gateway/indexes/trie.go:176.2,178.47 2 1
github.com/UW-Info-441-Winter-Quarter-2020/homework-jsm209/servers/gateway/indexes/trie.go:182.2,183.28 2 1
github.com/UW-Info-441-Winter-Quarter-2020/homework-jsm209/servers/gateway/indexes/trie.go:186.2,186.43 1 1
github.com/UW-Info-441-Winter-Quarter-2020/homework-jsm209/servers/gateway/indexes/trie.go:190.2,190.33 1 1
github.com/UW-Info-441-Winter-Quarter-2020/homework-jsm209/servers/gateway/indexes/trie.go:196.2,196.8 1 0
github.com/UW-Info-441-Winter-Quarter-2020/homework-jsm209/servers/gateway/indexes/trie.go:172.26,175.3 2 0
github.com/UW-Info-441-Winter-Quarter-2020/homework-jsm209/servers/gateway/indexes/trie.go:178.47,180.3 1 1
github.com/UW-Info-441-Winter-Quarter-2020/homework-jsm209/servers/gateway/indexes/trie.go:183.28,185.3 1 1
github.com/UW-Info-441-Winter-Quarter-2020/homework-jsm209/servers/gateway/indexes/trie.go:186.43,188.3 1 0
github.com/UW-Info-441-Winter-Quarter-2020/homework-jsm209/servers/gateway/indexes/trie.go:190.33,192.24 2 1
github.com/UW-Info-441-Winter-Quarter-2020/homework-jsm209/servers/gateway/indexes/trie.go:192.24,194.4 1 1
github.com/UW-Info-441-Winter-Quarter-2020/homework-jsm209/servers/gateway/indexes/trie.go:201.52,206.2 4 1
github.com/UW-Info-441-Winter-Quarter-2020/homework-jsm209/servers/gateway/indexes/trie.go:208.52,211.19 1 1
github.com/UW-Info-441-Winter-Quarter-2020/homework-jsm209/servers/gateway/indexes/trie.go:215.2,217.66 3 1
github.com/UW-Info-441-Winter-Quarter-2020/homework-jsm209/servers/gateway/indexes/trie.go:211.19,214.3 2 1
github.com/UW-Info-441-Winter-Quarter-2020/homework-jsm209/servers/gateway/indexes/trie.go:217.66,219.3 1 1
